<?xml version="1.0" encoding="UTF-8" ?>
<testsuite failures="0" time="0" errors="0" skipped="1" tests="1" name="org.gumtree.data.impl.edf.EdfDatasetTest">
  <properties>
    <property name="java.runtime.name" value="Java(TM) SE Runtime Environment"/>
    <property name="sun.boot.library.path" value="D:\Java\jdk1.6.0_20\jre\bin"/>
    <property name="java.vm.version" value="16.3-b01"/>
    <property name="java.vm.vendor" value="Sun Microsystems Inc."/>
    <property name="java.vendor.url" value="http://java.sun.com/"/>
    <property name="path.separator" value=";"/>
    <property name="java.vm.name" value="Java HotSpot(TM) Client VM"/>
    <property name="file.encoding.pkg" value="sun.io"/>
    <property name="user.country" value="FR"/>
    <property name="sun.java.launcher" value="SUN_STANDARD"/>
    <property name="sun.os.patch.level" value="Service Pack 3"/>
    <property name="java.vm.specification.name" value="Java Virtual Machine Specification"/>
    <property name="user.dir" value="D:\CDMWorkspace\EdfCDMPlugin"/>
    <property name="java.runtime.version" value="1.6.0_20-b02"/>
    <property name="java.awt.graphicsenv" value="sun.awt.Win32GraphicsEnvironment"/>
    <property name="basedir" value="D:\CDMWorkspace\EdfCDMPlugin"/>
    <property name="java.endorsed.dirs" value="D:\Java\jdk1.6.0_20\jre\lib\endorsed"/>
    <property name="os.arch" value="x86"/>
    <property name="surefire.real.class.path" value="C:\DOCUME~1\girardot\LOCALS~1\Temp\surefirebooter3225904330782342956.jar"/>
    <property name="java.io.tmpdir" value="C:\DOCUME~1\girardot\LOCALS~1\Temp\"/>
    <property name="line.separator" value="
"/>
    <property name="java.vm.specification.vendor" value="Sun Microsystems Inc."/>
    <property name="user.variant" value=""/>
    <property name="os.name" value="Windows XP"/>
    <property name="sun.jnu.encoding" value="Cp1252"/>
    <property name="java.library.path" value="D:\Java\jdk1.6.0_20\jre\bin;.;C:\WINDOWS\Sun\Java\bin;C:\WINDOWS\system32;C:\WINDOWS;C:\WINDOWS\system32;C:\WINDOWS;C:\WINDOWS\System32\Wbem;C:\PROGRA~1\FICHIE~1\AUTODE~1;C:\PROGRA~1\FICHIE~1\CYCOSH~1;C:\PROGRA~1\FICHIE~1\ROXIOS~1\DLLShared\;C:\PROGRA~1\FICHIE~1\ROXIOS~1\9.0\DLLShared\;C:\PROGRA~1\ATITEC~1\ATI.ACE\Core-Static;C:\NeXus_Data_Format\bin;Z:\omniorb\bin\x86_win32;C:\WINDOWS\system32;C:\WINDOWS;C:\WINDOWS\System32\Wbem;C:\PROGRA~1\FICHIE~1\AUTODE~1;C:\PROGRA~1\FICHIE~1\CYCOSH~1;C:\PROGRA~1\FICHIE~1\ROXIOS~1\DLLShared\;C:\PROGRA~1\FICHIE~1\ROXIOS~1\9.0\DLLShared\;C:\PROGRA~1\ATITEC~1\ATI.ACE\Core-Static;C:\NeXus_Data_Format\bin;D:\Java\jdk1.6.0_20\bin;V:\bin;T:;T:\tango6"/>
    <property name="surefire.test.class.path" value="D:\CDMWorkspace\EdfCDMPlugin\target\test-classes;D:\CDMWorkspace\EdfCDMPlugin\target\classes;C:\Documents and Settings\girardot\.m2\repository\fr\esrf\tango\TangORB\7.3.4\TangORB-7.3.4.jar;C:\Documents and Settings\girardot\.m2\repository\org\tango\TangORB-javadao\7.3.5-SNAPSHOT\TangORB-javadao-7.3.5-SNAPSHOT.jar;C:\Documents and Settings\girardot\.m2\repository\jacorb\jacorb\2.3.1jboss.patch01-brew\jacorb-2.3.1jboss.patch01-brew.jar;C:\Documents and Settings\girardot\.m2\repository\org\slf4j\slf4j-log4j12\1.6.1\slf4j-log4j12-1.6.1.jar;C:\Documents and Settings\girardot\.m2\repository\org\slf4j\slf4j-api\1.6.1\slf4j-api-1.6.1.jar;C:\Documents and Settings\girardot\.m2\repository\log4j\log4j\1.2.14\log4j-1.2.14.jar;C:\Documents and Settings\girardot\.m2\repository\org\tango\TangORB-javacommon\7.3.5-SNAPSHOT\TangORB-javacommon-7.3.5-SNAPSHOT.jar;C:\Documents and Settings\girardot\.m2\repository\fr\soleil\lib\dtu\1.0.5\dtu-1.0.5.jar;C:\Documents and Settings\girardot\.m2\repository\org\mozilla\javascript\1.6R5\javascript-1.6R5.jar;C:\Documents and Settings\girardot\.m2\repository\commons-lang\commons-lang\2.4\commons-lang-2.4.jar;C:\Documents and Settings\girardot\.m2\repository\junit\junit\4.8.1\junit-4.8.1.jar;C:\Documents and Settings\girardot\.m2\repository\com\famfamfam\silk\1.3\silk-1.3.jar;C:\Documents and Settings\girardot\.m2\repository\jdom\jdom\1.0\jdom-1.0.jar;"/>
    <property name="java.specification.name" value="Java Platform API Specification"/>
    <property name="java.class.version" value="50.0"/>
    <property name="sun.management.compiler" value="HotSpot Client Compiler"/>
    <property name="os.version" value="5.1"/>
    <property name="user.home" value="C:\Documents and Settings\girardot"/>
    <property name="user.timezone" value=""/>
    <property name="java.awt.printerjob" value="sun.awt.windows.WPrinterJob"/>
    <property name="java.specification.version" value="1.6"/>
    <property name="file.encoding" value="Cp1252"/>
    <property name="user.name" value="girardot"/>
    <property name="java.class.path" value="D:\CDMWorkspace\EdfCDMPlugin\target\test-classes;D:\CDMWorkspace\EdfCDMPlugin\target\classes;C:\Documents and Settings\girardot\.m2\repository\fr\esrf\tango\TangORB\7.3.4\TangORB-7.3.4.jar;C:\Documents and Settings\girardot\.m2\repository\org\tango\TangORB-javadao\7.3.5-SNAPSHOT\TangORB-javadao-7.3.5-SNAPSHOT.jar;C:\Documents and Settings\girardot\.m2\repository\jacorb\jacorb\2.3.1jboss.patch01-brew\jacorb-2.3.1jboss.patch01-brew.jar;C:\Documents and Settings\girardot\.m2\repository\org\slf4j\slf4j-log4j12\1.6.1\slf4j-log4j12-1.6.1.jar;C:\Documents and Settings\girardot\.m2\repository\org\slf4j\slf4j-api\1.6.1\slf4j-api-1.6.1.jar;C:\Documents and Settings\girardot\.m2\repository\log4j\log4j\1.2.14\log4j-1.2.14.jar;C:\Documents and Settings\girardot\.m2\repository\org\tango\TangORB-javacommon\7.3.5-SNAPSHOT\TangORB-javacommon-7.3.5-SNAPSHOT.jar;C:\Documents and Settings\girardot\.m2\repository\fr\soleil\lib\dtu\1.0.5\dtu-1.0.5.jar;C:\Documents and Settings\girardot\.m2\repository\org\mozilla\javascript\1.6R5\javascript-1.6R5.jar;C:\Documents and Settings\girardot\.m2\repository\commons-lang\commons-lang\2.4\commons-lang-2.4.jar;C:\Documents and Settings\girardot\.m2\repository\junit\junit\4.8.1\junit-4.8.1.jar;C:\Documents and Settings\girardot\.m2\repository\com\famfamfam\silk\1.3\silk-1.3.jar;C:\Documents and Settings\girardot\.m2\repository\jdom\jdom\1.0\jdom-1.0.jar;"/>
    <property name="java.vm.specification.version" value="1.0"/>
    <property name="sun.arch.data.model" value="32"/>
    <property name="java.home" value="D:\Java\jdk1.6.0_20\jre"/>
    <property name="java.specification.vendor" value="Sun Microsystems Inc."/>
    <property name="user.language" value="fr"/>
    <property name="awt.toolkit" value="sun.awt.windows.WToolkit"/>
    <property name="java.vm.info" value="mixed mode, sharing"/>
    <property name="java.version" value="1.6.0_20"/>
    <property name="java.ext.dirs" value="D:\Java\jdk1.6.0_20\jre\lib\ext;C:\WINDOWS\Sun\Java\lib\ext"/>
    <property name="sun.boot.class.path" value="D:\Java\jdk1.6.0_20\jre\lib\resources.jar;D:\Java\jdk1.6.0_20\jre\lib\rt.jar;D:\Java\jdk1.6.0_20\jre\lib\sunrsasign.jar;D:\Java\jdk1.6.0_20\jre\lib\jsse.jar;D:\Java\jdk1.6.0_20\jre\lib\jce.jar;D:\Java\jdk1.6.0_20\jre\lib\charsets.jar;D:\Java\jdk1.6.0_20\jre\classes"/>
    <property name="java.vendor" value="Sun Microsystems Inc."/>
    <property name="localRepository" value="C:\Documents and Settings\girardot\.m2\repository"/>
    <property name="file.separator" value="\"/>
    <property name="java.vendor.url.bug" value="http://java.sun.com/cgi-bin/bugreport.cgi"/>
    <property name="sun.cpu.endian" value="little"/>
    <property name="sun.io.unicode.encoding" value="UnicodeLittle"/>
    <property name="sun.desktop" value="windows"/>
    <property name="sun.cpu.isalist" value="pentium_pro+mmx pentium_pro pentium+mmx pentium i486 i386 i86"/>
  </properties>
  <testcase time="0.015" classname="org.gumtree.data.impl.edf.EdfDatasetTest" name="org.gumtree.data.impl.edf.EdfDatasetTest">
    <skipped/>
  </testcase>
</testsuite>